<component name="libraryTable">
  <library name="junit">
    <CLASSES>
      <root url="file://$APPLICATION_HOME_DIR$/lib/junit" />
    </CLASSES>
    <JAVADOC />
    <SOURCES>
      <root url="file://$APPLICATION_HOME_DIR$/lib" />
    </SOURCES>
  </library>
</component>